2017-11-07 23:06:50,875 INFO [main] h.j.v.g.Glavna [Glavna.java:432] Unesen je naziv mjerne postaje: 1
2017-11-07 23:06:51,200 INFO [main] h.j.v.g.Glavna [Glavna.java:223] Unesen je naziv drzave: 1
2017-11-07 23:06:51,500 INFO [main] h.j.v.g.Glavna [Glavna.java:226] Unesena je povrsina drzave: 1
2017-11-07 23:06:52,087 INFO [main] h.j.v.g.Glavna [Glavna.java:181] Unesen je naziv mjesta: 1
2017-11-07 23:06:52,696 INFO [main] h.j.v.g.Glavna [Glavna.java:412] Unesena je X koordinata: 1
2017-11-07 23:06:53,003 INFO [main] h.j.v.g.Glavna [Glavna.java:397] Unesena je Y koordinata: 1
2017-11-07 23:06:53,583 INFO [main] h.j.v.g.Glavna [Glavna.java:369] Unesena je vrijednost senzor za temperaturu: 1
2017-11-07 23:06:54,133 INFO [main] h.j.v.g.Glavna [Glavna.java:354] Unesena je vrijednost senzor za vlagu zraka: 1
2017-11-07 23:06:54,935 INFO [main] h.j.v.g.Glavna [Glavna.java:327] Unesena je vrijednost senzor za tlaka zraka: 1
2017-11-07 23:06:55,474 INFO [main] h.j.v.g.Glavna [Glavna.java:432] Unesen je naziv mjerne postaje: 1
2017-11-07 23:06:55,741 INFO [main] h.j.v.g.Glavna [Glavna.java:223] Unesen je naziv drzave: 1
2017-11-07 23:06:56,008 INFO [main] h.j.v.g.Glavna [Glavna.java:226] Unesena je povrsina drzave: 1
2017-11-07 23:06:56,538 INFO [main] h.j.v.g.Glavna [Glavna.java:181] Unesen je naziv mjesta: 1
2017-11-07 23:06:57,067 INFO [main] h.j.v.g.Glavna [Glavna.java:412] Unesena je X koordinata: 1
2017-11-07 23:06:57,309 INFO [main] h.j.v.g.Glavna [Glavna.java:397] Unesena je Y koordinata: 1
2017-11-07 23:06:57,828 INFO [main] h.j.v.g.Glavna [Glavna.java:369] Unesena je vrijednost senzor za temperaturu: 1
2017-11-07 23:06:58,337 INFO [main] h.j.v.g.Glavna [Glavna.java:354] Unesena je vrijednost senzor za vlagu zraka: 1
2017-11-07 23:06:59,113 INFO [main] h.j.v.g.Glavna [Glavna.java:327] Unesena je vrijednost senzor za tlaka zraka: 1
2017-11-07 23:06:59,662 INFO [main] h.j.v.g.Glavna [Glavna.java:437] Unesen je naziv radiosondazne mjerne postaje: 1
2017-11-07 23:07:00,005 INFO [main] h.j.v.g.Glavna [Glavna.java:312] Unesena je visina radiosondazne : 1
2017-11-07 23:07:00,272 INFO [main] h.j.v.g.Glavna [Glavna.java:223] Unesen je naziv drzave: 1
2017-11-07 23:07:00,569 INFO [main] h.j.v.g.Glavna [Glavna.java:226] Unesena je povrsina drzave: 1
2017-11-07 23:07:01,210 INFO [main] h.j.v.g.Glavna [Glavna.java:181] Unesen je naziv mjesta: 1
2017-11-07 23:07:01,819 INFO [main] h.j.v.g.Glavna [Glavna.java:412] Unesena je X koordinata: 1
2017-11-07 23:07:02,189 INFO [main] h.j.v.g.Glavna [Glavna.java:397] Unesena je Y koordinata: 1
2017-11-07 23:07:02,990 INFO [main] h.j.v.g.Glavna [Glavna.java:369] Unesena je vrijednost senzor za temperaturu: 1
2017-11-07 23:07:03,918 INFO [main] h.j.v.g.Glavna [Glavna.java:354] Unesena je vrijednost senzor za vlagu zraka: 1
2017-11-07 23:07:05,333 INFO [main] h.j.v.g.Glavna [Glavna.java:327] Unesena je vrijednost senzor za tlaka zraka: 1
