2017-11-02 12:14:31,375 INFO [main] h.j.v.g.Glavna [Glavna.java:340] Unesen je naziv mjerne postaje: 1
2017-11-02 12:14:31,789 INFO [main] h.j.v.g.Glavna [Glavna.java:321] Unesen je naziv mjesta: 1
2017-11-02 12:14:32,204 INFO [main] h.j.v.g.Glavna [Glavna.java:307] Unesen je naziv zupanije: 1
2017-11-02 12:14:32,589 INFO [main] h.j.v.g.Glavna [Glavna.java:293] Unesen je naziv drzave: 1
2017-11-02 12:14:32,988 INFO [main] h.j.v.g.Glavna [Glavna.java:278] Unesena je povrsina drzave: 1
2017-11-02 12:14:33,378 INFO [main] h.j.v.g.Glavna [Glavna.java:263] Unesena je X koordinata: 1
2017-11-02 12:14:33,763 INFO [main] h.j.v.g.Glavna [Glavna.java:248] Unesena je Y koordinata: 1
2017-11-02 12:14:34,533 INFO [main] h.j.v.g.Glavna [Glavna.java:220] Unesena je vrijednost senzor za temperaturu: 1
2017-11-02 12:14:34,947 INFO [main] h.j.v.g.Glavna [Glavna.java:205] Unesena je vrijednost senzor za vlagu zraka: 1
2017-11-02 12:14:35,807 INFO [main] h.j.v.g.Glavna [Glavna.java:178] Unesena je vrijednost senzor za tlaka zraka: 1
2017-11-02 12:14:36,222 INFO [main] h.j.v.g.Glavna [Glavna.java:340] Unesen je naziv mjerne postaje: 1
2017-11-02 12:14:36,617 INFO [main] h.j.v.g.Glavna [Glavna.java:321] Unesen je naziv mjesta: 1
2017-11-02 12:14:37,012 INFO [main] h.j.v.g.Glavna [Glavna.java:307] Unesen je naziv zupanije: 1
2017-11-02 12:14:37,405 INFO [main] h.j.v.g.Glavna [Glavna.java:293] Unesen je naziv drzave: 1
2017-11-02 12:14:37,800 INFO [main] h.j.v.g.Glavna [Glavna.java:278] Unesena je povrsina drzave: 1
2017-11-02 12:14:38,197 INFO [main] h.j.v.g.Glavna [Glavna.java:263] Unesena je X koordinata: 1
2017-11-02 12:14:38,592 INFO [main] h.j.v.g.Glavna [Glavna.java:248] Unesena je Y koordinata: 1
2017-11-02 12:14:39,380 INFO [main] h.j.v.g.Glavna [Glavna.java:220] Unesena je vrijednost senzor za temperaturu: 1
2017-11-02 12:14:39,784 INFO [main] h.j.v.g.Glavna [Glavna.java:205] Unesena je vrijednost senzor za vlagu zraka: 1
2017-11-02 12:14:40,575 INFO [main] h.j.v.g.Glavna [Glavna.java:178] Unesena je vrijednost senzor za tlaka zraka: 1
2017-11-02 12:14:40,979 INFO [main] h.j.v.g.Glavna [Glavna.java:345] Unesen je naziv radiosondazne mjerne postaje: 1
2017-11-02 12:14:41,383 INFO [main] h.j.v.g.Glavna [Glavna.java:163] Unesena je visina radiosondazne : 1
2017-11-02 12:14:41,788 INFO [main] h.j.v.g.Glavna [Glavna.java:321] Unesen je naziv mjesta: 1
2017-11-02 12:14:42,234 INFO [main] h.j.v.g.Glavna [Glavna.java:307] Unesen je naziv zupanije: 1
2017-11-02 12:14:42,669 INFO [main] h.j.v.g.Glavna [Glavna.java:293] Unesen je naziv drzave: 1
2017-11-02 12:14:43,094 INFO [main] h.j.v.g.Glavna [Glavna.java:278] Unesena je povrsina drzave: 1
2017-11-02 12:14:43,570 INFO [main] h.j.v.g.Glavna [Glavna.java:263] Unesena je X koordinata: 1
2017-11-02 12:14:44,014 INFO [main] h.j.v.g.Glavna [Glavna.java:248] Unesena je Y koordinata: 1
2017-11-02 12:14:45,241 INFO [main] h.j.v.g.Glavna [Glavna.java:220] Unesena je vrijednost senzor za temperaturu: 1
2017-11-02 12:14:46,019 INFO [main] h.j.v.g.Glavna [Glavna.java:205] Unesena je vrijednost senzor za vlagu zraka: 1
2017-11-02 12:14:46,991 INFO [main] h.j.v.g.Glavna [Glavna.java:178] Unesena je vrijednost senzor za tlaka zraka: 1
2017-11-02 12:15:44,156 INFO [main] h.j.v.g.Glavna [Glavna.java:340] Unesen je naziv mjerne postaje: 1
2017-11-02 12:15:44,559 INFO [main] h.j.v.g.Glavna [Glavna.java:321] Unesen je naziv mjesta: 1
2017-11-02 12:15:44,965 INFO [main] h.j.v.g.Glavna [Glavna.java:307] Unesen je naziv zupanije: 1
2017-11-02 12:15:45,347 INFO [main] h.j.v.g.Glavna [Glavna.java:293] Unesen je naziv drzave: 1
2017-11-02 12:15:45,756 INFO [main] h.j.v.g.Glavna [Glavna.java:278] Unesena je povrsina drzave: 1
2017-11-02 12:15:46,147 INFO [main] h.j.v.g.Glavna [Glavna.java:263] Unesena je X koordinata: 1
2017-11-02 12:15:46,522 INFO [main] h.j.v.g.Glavna [Glavna.java:248] Unesena je Y koordinata: 1
2017-11-02 12:15:47,220 INFO [main] h.j.v.g.Glavna [Glavna.java:220] Unesena je vrijednost senzor za temperaturu: 1
2017-11-02 12:15:47,566 INFO [main] h.j.v.g.Glavna [Glavna.java:205] Unesena je vrijednost senzor za vlagu zraka: 1
2017-11-02 12:15:48,285 INFO [main] h.j.v.g.Glavna [Glavna.java:178] Unesena je vrijednost senzor za tlaka zraka: 1
2017-11-02 12:15:48,650 INFO [main] h.j.v.g.Glavna [Glavna.java:340] Unesen je naziv mjerne postaje: 1
2017-11-02 12:15:49,682 INFO [main] h.j.v.g.Glavna [Glavna.java:321] Unesen je naziv mjesta: 1
2017-11-02 12:15:50,269 INFO [main] h.j.v.g.Glavna [Glavna.java:307] Unesen je naziv zupanije: 1
2017-11-02 12:15:51,089 INFO [main] h.j.v.g.Glavna [Glavna.java:293] Unesen je naziv drzave: 1
2017-11-02 12:15:51,545 INFO [main] h.j.v.g.Glavna [Glavna.java:278] Unesena je povrsina drzave: 1
2017-11-02 12:15:51,938 INFO [main] h.j.v.g.Glavna [Glavna.java:263] Unesena je X koordinata: 1
2017-11-02 12:15:52,292 INFO [main] h.j.v.g.Glavna [Glavna.java:248] Unesena je Y koordinata: 1
2017-11-02 12:15:52,908 INFO [main] h.j.v.g.Glavna [Glavna.java:220] Unesena je vrijednost senzor za temperaturu: 1
2017-11-02 12:15:53,193 INFO [main] h.j.v.g.Glavna [Glavna.java:205] Unesena je vrijednost senzor za vlagu zraka: 1
2017-11-02 12:15:53,710 INFO [main] h.j.v.g.Glavna [Glavna.java:178] Unesena je vrijednost senzor za tlaka zraka: 1
2017-11-02 12:15:53,972 INFO [main] h.j.v.g.Glavna [Glavna.java:345] Unesen je naziv radiosondazne mjerne postaje: 1
2017-11-02 12:15:54,205 INFO [main] h.j.v.g.Glavna [Glavna.java:163] Unesena je visina radiosondazne : 1
2017-11-02 12:15:54,467 INFO [main] h.j.v.g.Glavna [Glavna.java:321] Unesen je naziv mjesta: 1
2017-11-02 12:15:54,711 INFO [main] h.j.v.g.Glavna [Glavna.java:307] Unesen je naziv zupanije: 1
2017-11-02 12:15:54,963 INFO [main] h.j.v.g.Glavna [Glavna.java:293] Unesen je naziv drzave: 1
2017-11-02 12:15:55,227 INFO [main] h.j.v.g.Glavna [Glavna.java:278] Unesena je povrsina drzave: 1
2017-11-02 12:15:55,489 INFO [main] h.j.v.g.Glavna [Glavna.java:263] Unesena je X koordinata: 1
2017-11-02 12:15:55,753 INFO [main] h.j.v.g.Glavna [Glavna.java:248] Unesena je Y koordinata: 1
2017-11-02 12:15:56,259 INFO [main] h.j.v.g.Glavna [Glavna.java:220] Unesena je vrijednost senzor za temperaturu: 1
2017-11-02 12:15:56,531 INFO [main] h.j.v.g.Glavna [Glavna.java:205] Unesena je vrijednost senzor za vlagu zraka: 1
2017-11-02 12:15:57,078 INFO [main] h.j.v.g.Glavna [Glavna.java:178] Unesena je vrijednost senzor za tlaka zraka: 1
2017-11-02 12:21:57,456 INFO [main] h.j.v.g.Glavna [Glavna.java:341] Unesen je naziv mjerne postaje: 1
2017-11-02 12:21:57,804 INFO [main] h.j.v.g.Glavna [Glavna.java:322] Unesen je naziv mjesta: 1
2017-11-02 12:21:58,098 INFO [main] h.j.v.g.Glavna [Glavna.java:308] Unesen je naziv zupanije: 1
2017-11-02 12:21:58,390 INFO [main] h.j.v.g.Glavna [Glavna.java:294] Unesen je naziv drzave: 1
2017-11-02 12:21:58,678 INFO [main] h.j.v.g.Glavna [Glavna.java:279] Unesena je povrsina drzave: 1
2017-11-02 12:21:58,990 INFO [main] h.j.v.g.Glavna [Glavna.java:264] Unesena je X koordinata: 1
2017-11-02 12:21:59,373 INFO [main] h.j.v.g.Glavna [Glavna.java:249] Unesena je Y koordinata: 1
2017-11-02 12:22:00,082 INFO [main] h.j.v.g.Glavna [Glavna.java:221] Unesena je vrijednost senzor za temperaturu: 1
2017-11-02 12:22:00,557 INFO [main] h.j.v.g.Glavna [Glavna.java:206] Unesena je vrijednost senzor za vlagu zraka: 1
2017-11-02 12:22:01,823 INFO [main] h.j.v.g.Glavna [Glavna.java:179] Unesena je vrijednost senzor za tlaka zraka: 1
2017-11-02 12:22:01,826 ERROR [main] h.j.v.g.Glavna [Glavna.java:106] Dupla zupanija!
2017-11-02 12:31:23,264 INFO [main] h.j.v.g.Glavna [Glavna.java:342] Unesen je naziv mjerne postaje: 1
2017-11-02 12:31:23,654 INFO [main] h.j.v.g.Glavna [Glavna.java:323] Unesen je naziv mjesta: 1
2017-11-02 12:31:23,978 INFO [main] h.j.v.g.Glavna [Glavna.java:309] Unesen je naziv zupanije: 1
2017-11-02 12:31:24,322 INFO [main] h.j.v.g.Glavna [Glavna.java:295] Unesen je naziv drzave: 1
2017-11-02 12:31:24,688 INFO [main] h.j.v.g.Glavna [Glavna.java:280] Unesena je povrsina drzave: 1
2017-11-02 12:31:25,191 INFO [main] h.j.v.g.Glavna [Glavna.java:265] Unesena je X koordinata: 1
2017-11-02 12:31:25,545 INFO [main] h.j.v.g.Glavna [Glavna.java:250] Unesena je Y koordinata: 1
2017-11-02 12:31:26,427 INFO [main] h.j.v.g.Glavna [Glavna.java:222] Unesena je vrijednost senzor za temperaturu: 1
2017-11-02 12:31:26,943 INFO [main] h.j.v.g.Glavna [Glavna.java:207] Unesena je vrijednost senzor za vlagu zraka: 1
2017-11-02 12:31:28,207 INFO [main] h.j.v.g.Glavna [Glavna.java:180] Unesena je vrijednost senzor za tlaka zraka: 1
2017-11-02 12:31:29,079 INFO [main] h.j.v.g.Glavna [Glavna.java:342] Unesen je naziv mjerne postaje: 1
2017-11-02 12:31:29,607 INFO [main] h.j.v.g.Glavna [Glavna.java:323] Unesen je naziv mjesta: 1
2017-11-02 12:31:30,708 INFO [main] h.j.v.g.Glavna [Glavna.java:309] Unesen je naziv zupanije: 1
2017-11-02 12:31:31,568 INFO [main] h.j.v.g.Glavna [Glavna.java:295] Unesen je naziv drzave: 1
2017-11-02 12:31:31,568 ERROR [main] h.j.v.g.Glavna [Glavna.java:69] Dupli unos
2017-11-02 12:41:30,184 INFO [main] h.j.v.g.Glavna [Glavna.java:354] Unesen je naziv mjerne postaje: 1
2017-11-02 12:41:30,578 INFO [main] h.j.v.g.Glavna [Glavna.java:335] Unesen je naziv mjesta: 1
2017-11-02 12:41:30,923 INFO [main] h.j.v.g.Glavna [Glavna.java:321] Unesen je naziv zupanije: 1
2017-11-02 12:41:31,327 INFO [main] h.j.v.g.Glavna [Glavna.java:307] Unesen je naziv drzave: 1
2017-11-02 12:41:31,756 INFO [main] h.j.v.g.Glavna [Glavna.java:292] Unesena je povrsina drzave: 1
2017-11-02 12:41:32,185 INFO [main] h.j.v.g.Glavna [Glavna.java:277] Unesena je X koordinata: 1
2017-11-02 12:41:32,611 INFO [main] h.j.v.g.Glavna [Glavna.java:262] Unesena je Y koordinata: 1
2017-11-02 12:41:34,302 INFO [main] h.j.v.g.Glavna [Glavna.java:234] Unesena je vrijednost senzor za temperaturu: 1
2017-11-02 12:41:35,171 INFO [main] h.j.v.g.Glavna [Glavna.java:219] Unesena je vrijednost senzor za vlagu zraka: 1
2017-11-02 12:41:36,709 INFO [main] h.j.v.g.Glavna [Glavna.java:192] Unesena je vrijednost senzor za tlaka zraka: 1
2017-11-02 12:41:37,629 INFO [main] h.j.v.g.Glavna [Glavna.java:354] Unesen je naziv mjerne postaje: 1
2017-11-02 12:41:38,339 INFO [main] h.j.v.g.Glavna [Glavna.java:335] Unesen je naziv mjesta: 1
2017-11-02 12:41:39,187 INFO [main] h.j.v.g.Glavna [Glavna.java:321] Unesen je naziv zupanije: 1
2017-11-02 12:41:40,200 INFO [main] h.j.v.g.Glavna [Glavna.java:307] Unesen je naziv drzave: 1
2017-11-02 12:41:40,200 ERROR [main] h.j.v.g.Glavna [Glavna.java:131] Dupli unos
2017-11-02 12:46:09,767 INFO [main] h.j.v.g.Glavna [Glavna.java:353] Unesen je naziv mjerne postaje: 1
2017-11-02 12:46:10,159 INFO [main] h.j.v.g.Glavna [Glavna.java:334] Unesen je naziv mjesta: 1
2017-11-02 12:46:10,532 INFO [main] h.j.v.g.Glavna [Glavna.java:320] Unesen je naziv zupanije: 1
2017-11-02 12:46:10,907 INFO [main] h.j.v.g.Glavna [Glavna.java:306] Unesen je naziv drzave: 1
2017-11-02 12:46:11,315 INFO [main] h.j.v.g.Glavna [Glavna.java:291] Unesena je povrsina drzave: 1
2017-11-02 12:46:11,728 INFO [main] h.j.v.g.Glavna [Glavna.java:276] Unesena je X koordinata: 1
2017-11-02 12:46:12,234 INFO [main] h.j.v.g.Glavna [Glavna.java:261] Unesena je Y koordinata: 1
2017-11-02 12:46:13,568 INFO [main] h.j.v.g.Glavna [Glavna.java:233] Unesena je vrijednost senzor za temperaturu: 1
2017-11-02 12:46:14,229 INFO [main] h.j.v.g.Glavna [Glavna.java:218] Unesena je vrijednost senzor za vlagu zraka: 1
2017-11-02 12:46:15,221 INFO [main] h.j.v.g.Glavna [Glavna.java:191] Unesena je vrijednost senzor za tlaka zraka: 1
2017-11-02 12:46:15,777 INFO [main] h.j.v.g.Glavna [Glavna.java:353] Unesen je naziv mjerne postaje: 1
2017-11-02 12:46:16,253 INFO [main] h.j.v.g.Glavna [Glavna.java:334] Unesen je naziv mjesta: 1
2017-11-02 12:46:16,808 INFO [main] h.j.v.g.Glavna [Glavna.java:320] Unesen je naziv zupanije: 1
2017-11-02 12:46:17,405 INFO [main] h.j.v.g.Glavna [Glavna.java:306] Unesen je naziv drzave: 1
2017-11-02 12:46:18,145 INFO [main] h.j.v.g.Glavna [Glavna.java:291] Unesena je povrsina drzave: 1
2017-11-02 12:46:18,145 ERROR [main] h.j.v.g.Glavna [Glavna.java:130] Dupli unos
2017-11-02 12:46:18,150 ERROR [main] h.j.v.g.Glavna [Glavna.java:75] Dupli unos zupanije
hr.java.vjezbe.iznimke.DuplaZupanijaException: Dupla zupanija!
	at hr.java.vjezbe.glavna.Glavna.provjera(Glavna.java:131)
	at hr.java.vjezbe.glavna.Glavna.main(Glavna.java:71)
2017-11-02 12:46:19,836 INFO [main] h.j.v.g.Glavna [Glavna.java:276] Unesena je X koordinata: 1
2017-11-02 12:46:20,504 INFO [main] h.j.v.g.Glavna [Glavna.java:261] Unesena je Y koordinata: 1
2017-11-02 12:46:21,496 INFO [main] h.j.v.g.Glavna [Glavna.java:233] Unesena je vrijednost senzor za temperaturu: 1
2017-11-02 12:46:21,942 INFO [main] h.j.v.g.Glavna [Glavna.java:218] Unesena je vrijednost senzor za vlagu zraka: 1
2017-11-02 12:46:22,781 INFO [main] h.j.v.g.Glavna [Glavna.java:191] Unesena je vrijednost senzor za tlaka zraka: 1
2017-11-02 12:46:23,217 INFO [main] h.j.v.g.Glavna [Glavna.java:358] Unesen je naziv radiosondazne mjerne postaje: 1
2017-11-02 12:46:23,715 INFO [main] h.j.v.g.Glavna [Glavna.java:176] Unesena je visina radiosondazne : 1
2017-11-02 12:46:24,158 INFO [main] h.j.v.g.Glavna [Glavna.java:334] Unesen je naziv mjesta: 1
2017-11-02 12:46:24,612 INFO [main] h.j.v.g.Glavna [Glavna.java:320] Unesen je naziv zupanije: 1
2017-11-02 12:46:25,089 INFO [main] h.j.v.g.Glavna [Glavna.java:306] Unesen je naziv drzave: 1
2017-11-02 12:46:25,564 INFO [main] h.j.v.g.Glavna [Glavna.java:291] Unesena je povrsina drzave: 1
2017-11-02 12:46:25,565 ERROR [main] h.j.v.g.Glavna [Glavna.java:130] Dupli unos
2017-11-02 12:46:25,565 ERROR [main] h.j.v.g.Glavna [Glavna.java:75] Dupli unos zupanije
hr.java.vjezbe.iznimke.DuplaZupanijaException: Dupla zupanija!
	at hr.java.vjezbe.glavna.Glavna.provjera(Glavna.java:131)
	at hr.java.vjezbe.glavna.Glavna.main(Glavna.java:71)
2017-11-02 12:46:26,161 INFO [main] h.j.v.g.Glavna [Glavna.java:276] Unesena je X koordinata: 1
2017-11-02 12:46:26,731 INFO [main] h.j.v.g.Glavna [Glavna.java:261] Unesena je Y koordinata: 1
2017-11-02 12:46:27,689 INFO [main] h.j.v.g.Glavna [Glavna.java:233] Unesena je vrijednost senzor za temperaturu: 1
2017-11-02 12:46:28,165 INFO [main] h.j.v.g.Glavna [Glavna.java:218] Unesena je vrijednost senzor za vlagu zraka: 1
2017-11-02 12:46:29,197 INFO [main] h.j.v.g.Glavna [Glavna.java:191] Unesena je vrijednost senzor za tlaka zraka: 1
2017-11-02 12:49:41,586 INFO [main] h.j.v.g.Glavna [Glavna.java:355] Unesen je naziv mjerne postaje: 1
2017-11-02 12:49:41,935 INFO [main] h.j.v.g.Glavna [Glavna.java:336] Unesen je naziv mjesta: 1
2017-11-02 12:49:42,299 INFO [main] h.j.v.g.Glavna [Glavna.java:322] Unesen je naziv zupanije: 1
2017-11-02 12:49:42,664 INFO [main] h.j.v.g.Glavna [Glavna.java:308] Unesen je naziv drzave: 1
2017-11-02 12:49:43,033 INFO [main] h.j.v.g.Glavna [Glavna.java:293] Unesena je povrsina drzave: 1
2017-11-02 12:49:43,403 INFO [main] h.j.v.g.Glavna [Glavna.java:278] Unesena je X koordinata: 1
2017-11-02 12:49:43,817 INFO [main] h.j.v.g.Glavna [Glavna.java:263] Unesena je Y koordinata: 1
2017-11-02 12:49:44,859 INFO [main] h.j.v.g.Glavna [Glavna.java:235] Unesena je vrijednost senzor za temperaturu: 1
2017-11-02 12:49:45,455 INFO [main] h.j.v.g.Glavna [Glavna.java:220] Unesena je vrijednost senzor za vlagu zraka: 1
2017-11-02 12:49:46,802 INFO [main] h.j.v.g.Glavna [Glavna.java:193] Unesena je vrijednost senzor za tlaka zraka: 1
2017-11-02 12:49:47,439 INFO [main] h.j.v.g.Glavna [Glavna.java:355] Unesen je naziv mjerne postaje: 1
2017-11-02 12:49:47,944 INFO [main] h.j.v.g.Glavna [Glavna.java:336] Unesen je naziv mjesta: 1
2017-11-02 12:49:48,543 INFO [main] h.j.v.g.Glavna [Glavna.java:322] Unesen je naziv zupanije: 1
2017-11-02 12:49:49,181 INFO [main] h.j.v.g.Glavna [Glavna.java:308] Unesen je naziv drzave: 1
2017-11-02 12:49:49,181 ERROR [main] h.j.v.g.Glavna [Glavna.java:132] Dupli unos
2017-11-02 12:49:49,186 ERROR [main] h.j.v.g.Glavna [Glavna.java:73] Dupli unos zupanije
hr.java.vjezbe.iznimke.DuplaZupanijaException: Dupla zupanija!
	at hr.java.vjezbe.glavna.Glavna.provjera(Glavna.java:133)
	at hr.java.vjezbe.glavna.Glavna.main(Glavna.java:69)
2017-11-02 12:49:54,339 INFO [main] h.j.v.g.Glavna [Glavna.java:293] Unesena je povrsina drzave: 1
2017-11-02 12:53:10,547 INFO [main] h.j.v.g.Glavna [Glavna.java:360] Unesen je naziv mjerne postaje: 1
2017-11-02 12:53:10,867 INFO [main] h.j.v.g.Glavna [Glavna.java:341] Unesen je naziv mjesta: 1
2017-11-02 12:53:11,193 INFO [main] h.j.v.g.Glavna [Glavna.java:327] Unesen je naziv zupanije: 1
2017-11-02 12:53:11,487 INFO [main] h.j.v.g.Glavna [Glavna.java:313] Unesen je naziv drzave: 1
2017-11-02 12:53:11,773 INFO [main] h.j.v.g.Glavna [Glavna.java:298] Unesena je povrsina drzave: 1
2017-11-02 12:53:12,063 INFO [main] h.j.v.g.Glavna [Glavna.java:283] Unesena je X koordinata: 1
2017-11-02 12:53:12,355 INFO [main] h.j.v.g.Glavna [Glavna.java:268] Unesena je Y koordinata: 1
2017-11-02 12:53:12,934 INFO [main] h.j.v.g.Glavna [Glavna.java:240] Unesena je vrijednost senzor za temperaturu: 1
2017-11-02 12:53:13,337 INFO [main] h.j.v.g.Glavna [Glavna.java:225] Unesena je vrijednost senzor za vlagu zraka: 1
2017-11-02 12:53:14,289 INFO [main] h.j.v.g.Glavna [Glavna.java:198] Unesena je vrijednost senzor za tlaka zraka: 1
2017-11-02 12:53:14,875 INFO [main] h.j.v.g.Glavna [Glavna.java:360] Unesen je naziv mjerne postaje: 1
2017-11-02 12:53:15,514 INFO [main] h.j.v.g.Glavna [Glavna.java:341] Unesen je naziv mjesta: 1
2017-11-02 12:53:16,202 INFO [main] h.j.v.g.Glavna [Glavna.java:327] Unesen je naziv zupanije: 1
2017-11-02 12:53:17,103 INFO [main] h.j.v.g.Glavna [Glavna.java:313] Unesen je naziv drzave: 1
2017-11-02 12:53:17,103 ERROR [main] h.j.v.g.Glavna [Glavna.java:135] Dupli unos
2017-11-02 12:53:17,108 ERROR [main] h.j.v.g.Glavna [Glavna.java:74] Dupli unos zupanije
hr.java.vjezbe.iznimke.DuplaZupanijaException: Dupla zupanija!
	at hr.java.vjezbe.glavna.Glavna.provjera(Glavna.java:136)
	at hr.java.vjezbe.glavna.Glavna.main(Glavna.java:70)
2017-11-02 12:53:20,013 INFO [main] h.j.v.g.Glavna [Glavna.java:298] Unesena je povrsina drzave: 1
2017-11-02 12:55:05,680 INFO [main] h.j.v.g.Glavna [Glavna.java:361] Unesen je naziv mjerne postaje: 1
2017-11-02 12:55:06,052 INFO [main] h.j.v.g.Glavna [Glavna.java:342] Unesen je naziv mjesta: 1
2017-11-02 12:55:06,406 INFO [main] h.j.v.g.Glavna [Glavna.java:328] Unesen je naziv zupanije: 1
2017-11-02 12:55:06,760 INFO [main] h.j.v.g.Glavna [Glavna.java:314] Unesen je naziv drzave: 1
2017-11-02 12:55:07,106 INFO [main] h.j.v.g.Glavna [Glavna.java:299] Unesena je povrsina drzave: 1
2017-11-02 12:55:07,427 INFO [main] h.j.v.g.Glavna [Glavna.java:284] Unesena je X koordinata: 1
2017-11-02 12:55:07,742 INFO [main] h.j.v.g.Glavna [Glavna.java:269] Unesena je Y koordinata: 1
2017-11-02 12:55:08,461 INFO [main] h.j.v.g.Glavna [Glavna.java:241] Unesena je vrijednost senzor za temperaturu: 1
2017-11-02 12:55:08,796 INFO [main] h.j.v.g.Glavna [Glavna.java:226] Unesena je vrijednost senzor za vlagu zraka: 1
2017-11-02 12:55:09,605 INFO [main] h.j.v.g.Glavna [Glavna.java:199] Unesena je vrijednost senzor za tlaka zraka: 1
2017-11-02 12:55:10,100 INFO [main] h.j.v.g.Glavna [Glavna.java:361] Unesen je naziv mjerne postaje: 1
2017-11-02 12:55:10,618 INFO [main] h.j.v.g.Glavna [Glavna.java:342] Unesen je naziv mjesta: 1
2017-11-02 12:55:11,073 INFO [main] h.j.v.g.Glavna [Glavna.java:328] Unesen je naziv zupanije: 1
2017-11-02 12:55:12,015 INFO [main] h.j.v.g.Glavna [Glavna.java:314] Unesen je naziv drzave: 1
2017-11-02 12:55:12,016 ERROR [main] h.j.v.g.Glavna [Glavna.java:136] Dupli unos
2017-11-02 12:55:12,021 ERROR [main] h.j.v.g.Glavna [Glavna.java:74] Dupli unos zupanije
hr.java.vjezbe.iznimke.DuplaZupanijaException: Dupla zupanija!
	at hr.java.vjezbe.glavna.Glavna.provjera(Glavna.java:137)
	at hr.java.vjezbe.glavna.Glavna.main(Glavna.java:70)
2017-11-02 12:55:13,147 ERROR [main] h.j.v.g.Glavna [Glavna.java:136] Dupli unos
2017-11-02 12:55:13,147 ERROR [main] h.j.v.g.Glavna [Glavna.java:74] Dupli unos zupanije
hr.java.vjezbe.iznimke.DuplaZupanijaException: Dupla zupanija!
	at hr.java.vjezbe.glavna.Glavna.provjera(Glavna.java:137)
	at hr.java.vjezbe.glavna.Glavna.main(Glavna.java:70)
2017-11-02 12:55:14,108 ERROR [main] h.j.v.g.Glavna [Glavna.java:136] Dupli unos
2017-11-02 12:55:14,108 ERROR [main] h.j.v.g.Glavna [Glavna.java:74] Dupli unos zupanije
hr.java.vjezbe.iznimke.DuplaZupanijaException: Dupla zupanija!
	at hr.java.vjezbe.glavna.Glavna.provjera(Glavna.java:137)
	at hr.java.vjezbe.glavna.Glavna.main(Glavna.java:70)
2017-11-02 12:55:15,535 ERROR [main] h.j.v.g.Glavna [Glavna.java:136] Dupli unos
2017-11-02 12:55:15,535 ERROR [main] h.j.v.g.Glavna [Glavna.java:74] Dupli unos zupanije
hr.java.vjezbe.iznimke.DuplaZupanijaException: Dupla zupanija!
	at hr.java.vjezbe.glavna.Glavna.provjera(Glavna.java:137)
	at hr.java.vjezbe.glavna.Glavna.main(Glavna.java:70)
2017-11-02 12:55:16,861 ERROR [main] h.j.v.g.Glavna [Glavna.java:136] Dupli unos
2017-11-02 12:55:16,861 ERROR [main] h.j.v.g.Glavna [Glavna.java:74] Dupli unos zupanije
hr.java.vjezbe.iznimke.DuplaZupanijaException: Dupla zupanija!
	at hr.java.vjezbe.glavna.Glavna.provjera(Glavna.java:137)
	at hr.java.vjezbe.glavna.Glavna.main(Glavna.java:70)
2017-11-02 12:55:17,578 ERROR [main] h.j.v.g.Glavna [Glavna.java:136] Dupli unos
2017-11-02 12:55:17,578 ERROR [main] h.j.v.g.Glavna [Glavna.java:74] Dupli unos zupanije
hr.java.vjezbe.iznimke.DuplaZupanijaException: Dupla zupanija!
	at hr.java.vjezbe.glavna.Glavna.provjera(Glavna.java:137)
	at hr.java.vjezbe.glavna.Glavna.main(Glavna.java:70)
2017-11-02 12:55:40,205 ERROR [main] h.j.v.g.Glavna [Glavna.java:136] Dupli unos
2017-11-02 12:55:40,205 ERROR [main] h.j.v.g.Glavna [Glavna.java:74] Dupli unos zupanije
hr.java.vjezbe.iznimke.DuplaZupanijaException: Dupla zupanija!
	at hr.java.vjezbe.glavna.Glavna.provjera(Glavna.java:137)
	at hr.java.vjezbe.glavna.Glavna.main(Glavna.java:70)
2017-11-02 12:56:18,857 INFO [main] h.j.v.g.Glavna [Glavna.java:361] Unesen je naziv mjerne postaje: 1
2017-11-02 12:56:19,135 INFO [main] h.j.v.g.Glavna [Glavna.java:342] Unesen je naziv mjesta: 1
2017-11-02 12:56:19,420 INFO [main] h.j.v.g.Glavna [Glavna.java:328] Unesen je naziv zupanije: 1
2017-11-02 12:56:19,705 INFO [main] h.j.v.g.Glavna [Glavna.java:314] Unesen je naziv drzave: 1
2017-11-02 12:56:20,010 INFO [main] h.j.v.g.Glavna [Glavna.java:299] Unesena je povrsina drzave: 1
2017-11-02 12:56:20,321 INFO [main] h.j.v.g.Glavna [Glavna.java:284] Unesena je X koordinata: 1
2017-11-02 12:56:20,624 INFO [main] h.j.v.g.Glavna [Glavna.java:269] Unesena je Y koordinata: 1
2017-11-02 12:56:21,313 INFO [main] h.j.v.g.Glavna [Glavna.java:241] Unesena je vrijednost senzor za temperaturu: 1
2017-11-02 12:56:21,709 INFO [main] h.j.v.g.Glavna [Glavna.java:226] Unesena je vrijednost senzor za vlagu zraka: 1
2017-11-02 12:56:22,567 INFO [main] h.j.v.g.Glavna [Glavna.java:199] Unesena je vrijednost senzor za tlaka zraka: 1
2017-11-02 12:56:23,176 INFO [main] h.j.v.g.Glavna [Glavna.java:361] Unesen je naziv mjerne postaje: 1
2017-11-02 12:56:23,721 INFO [main] h.j.v.g.Glavna [Glavna.java:342] Unesen je naziv mjesta: 1
2017-11-02 12:56:24,459 INFO [main] h.j.v.g.Glavna [Glavna.java:328] Unesen je naziv zupanije: 1
2017-11-02 12:56:25,310 INFO [main] h.j.v.g.Glavna [Glavna.java:314] Unesen je naziv drzave: 1
2017-11-02 12:56:25,310 ERROR [main] h.j.v.g.Glavna [Glavna.java:136] Dupli unos
2017-11-02 12:56:25,314 ERROR [main] h.j.v.g.Glavna [Glavna.java:74] Dupli unos zupanije
hr.java.vjezbe.iznimke.DuplaZupanijaException: Dupla zupanija!
	at hr.java.vjezbe.glavna.Glavna.provjera(Glavna.java:137)
	at hr.java.vjezbe.glavna.Glavna.main(Glavna.java:70)
2017-11-02 12:56:26,351 ERROR [main] h.j.v.g.Glavna [Glavna.java:136] Dupli unos
2017-11-02 12:56:26,352 ERROR [main] h.j.v.g.Glavna [Glavna.java:74] Dupli unos zupanije
hr.java.vjezbe.iznimke.DuplaZupanijaException: Dupla zupanija!
	at hr.java.vjezbe.glavna.Glavna.provjera(Glavna.java:137)
	at hr.java.vjezbe.glavna.Glavna.main(Glavna.java:70)
2017-11-02 12:56:27,232 ERROR [main] h.j.v.g.Glavna [Glavna.java:136] Dupli unos
2017-11-02 12:56:27,233 ERROR [main] h.j.v.g.Glavna [Glavna.java:74] Dupli unos zupanije
hr.java.vjezbe.iznimke.DuplaZupanijaException: Dupla zupanija!
	at hr.java.vjezbe.glavna.Glavna.provjera(Glavna.java:137)
	at hr.java.vjezbe.glavna.Glavna.main(Glavna.java:70)
2017-11-02 12:56:28,244 ERROR [main] h.j.v.g.Glavna [Glavna.java:136] Dupli unos
2017-11-02 12:56:28,244 ERROR [main] h.j.v.g.Glavna [Glavna.java:74] Dupli unos zupanije
hr.java.vjezbe.iznimke.DuplaZupanijaException: Dupla zupanija!
	at hr.java.vjezbe.glavna.Glavna.provjera(Glavna.java:137)
	at hr.java.vjezbe.glavna.Glavna.main(Glavna.java:70)
2017-11-02 12:56:28,982 ERROR [main] h.j.v.g.Glavna [Glavna.java:136] Dupli unos
2017-11-02 12:56:28,982 ERROR [main] h.j.v.g.Glavna [Glavna.java:74] Dupli unos zupanije
hr.java.vjezbe.iznimke.DuplaZupanijaException: Dupla zupanija!
	at hr.java.vjezbe.glavna.Glavna.provjera(Glavna.java:137)
	at hr.java.vjezbe.glavna.Glavna.main(Glavna.java:70)
2017-11-02 12:56:29,782 ERROR [main] h.j.v.g.Glavna [Glavna.java:136] Dupli unos
2017-11-02 12:56:29,782 ERROR [main] h.j.v.g.Glavna [Glavna.java:74] Dupli unos zupanije
hr.java.vjezbe.iznimke.DuplaZupanijaException: Dupla zupanija!
	at hr.java.vjezbe.glavna.Glavna.provjera(Glavna.java:137)
	at hr.java.vjezbe.glavna.Glavna.main(Glavna.java:70)
2017-11-02 12:56:30,278 ERROR [main] h.j.v.g.Glavna [Glavna.java:136] Dupli unos
2017-11-02 12:56:30,278 ERROR [main] h.j.v.g.Glavna [Glavna.java:74] Dupli unos zupanije
hr.java.vjezbe.iznimke.DuplaZupanijaException: Dupla zupanija!
	at hr.java.vjezbe.glavna.Glavna.provjera(Glavna.java:137)
	at hr.java.vjezbe.glavna.Glavna.main(Glavna.java:70)
2017-11-02 12:57:14,354 INFO [main] h.j.v.g.Glavna [Glavna.java:362] Unesen je naziv mjerne postaje: 1
2017-11-02 12:57:14,775 INFO [main] h.j.v.g.Glavna [Glavna.java:343] Unesen je naziv mjesta: 1
2017-11-02 12:57:15,139 INFO [main] h.j.v.g.Glavna [Glavna.java:329] Unesen je naziv zupanije: 1
2017-11-02 12:57:15,502 INFO [main] h.j.v.g.Glavna [Glavna.java:315] Unesen je naziv drzave: 1
2017-11-02 12:57:15,852 INFO [main] h.j.v.g.Glavna [Glavna.java:300] Unesena je povrsina drzave: 1
2017-11-02 12:57:16,172 INFO [main] h.j.v.g.Glavna [Glavna.java:285] Unesena je X koordinata: 1
2017-11-02 12:57:16,484 INFO [main] h.j.v.g.Glavna [Glavna.java:270] Unesena je Y koordinata: 1
2017-11-02 12:57:17,204 INFO [main] h.j.v.g.Glavna [Glavna.java:242] Unesena je vrijednost senzor za temperaturu: 1
2017-11-02 12:57:17,649 INFO [main] h.j.v.g.Glavna [Glavna.java:227] Unesena je vrijednost senzor za vlagu zraka: 1
2017-11-02 12:57:19,015 INFO [main] h.j.v.g.Glavna [Glavna.java:200] Unesena je vrijednost senzor za tlaka zraka: 1
2017-11-02 12:57:19,583 INFO [main] h.j.v.g.Glavna [Glavna.java:362] Unesen je naziv mjerne postaje: 1
2017-11-02 12:57:20,151 INFO [main] h.j.v.g.Glavna [Glavna.java:343] Unesen je naziv mjesta: 1
2017-11-02 12:57:20,616 INFO [main] h.j.v.g.Glavna [Glavna.java:329] Unesen je naziv zupanije: 1
2017-11-02 12:57:21,284 INFO [main] h.j.v.g.Glavna [Glavna.java:315] Unesen je naziv drzave: 1
2017-11-02 12:57:21,284 ERROR [main] h.j.v.g.Glavna [Glavna.java:137] Dupli unos
2017-11-02 12:57:21,289 ERROR [main] h.j.v.g.Glavna [Glavna.java:75] Dupli unos zupanije
hr.java.vjezbe.iznimke.DuplaZupanijaException: Dupla zupanija!
	at hr.java.vjezbe.glavna.Glavna.provjera(Glavna.java:138)
	at hr.java.vjezbe.glavna.Glavna.main(Glavna.java:70)
2017-11-02 12:57:22,703 ERROR [main] h.j.v.g.Glavna [Glavna.java:137] Dupli unos
2017-11-02 12:57:22,703 ERROR [main] h.j.v.g.Glavna [Glavna.java:75] Dupli unos zupanije
hr.java.vjezbe.iznimke.DuplaZupanijaException: Dupla zupanija!
	at hr.java.vjezbe.glavna.Glavna.provjera(Glavna.java:138)
	at hr.java.vjezbe.glavna.Glavna.main(Glavna.java:70)
