2019-10-23 22:34:14,766 ERROR [main] h.j.v.g.Glavna [Glavna.java:201] Greška pri unosu podatka
2019-10-23 22:38:18,186 ERROR [main] h.j.v.g.Glavna [Glavna.java:201] Greška pri unosu podatka
2019-10-23 22:38:21,019 ERROR [main] h.j.v.g.Glavna [Glavna.java:231] Greška pri unosu podatka
2019-11-05 19:03:57,717 ERROR [main] h.j.v.e.Automobil [Automobil.java:76] Previse kw, ne mogu odredit5i grupu osiguranja
hr.java.vjezbe.iznimke.NemoguceOdreditiGrupuOsiguranjaException: Previse kw, ne mogu odrediti grupu osiguranja.
	at hr.java.vjezbe.entitet.Automobil.izracunajGrupuOsiguranja(Automobil.java:57)
	at hr.java.vjezbe.entitet.Vozilo.izracunajCijenuOsiguranja(Vozilo.java:45)
	at hr.java.vjezbe.entitet.Automobil.tekstOglasa(Automobil.java:73)
	at hr.java.vjezbe.glavna.Glavna.ispis(Glavna.java:151)
	at hr.java.vjezbe.glavna.Glavna.main(Glavna.java:83)
2019-11-05 19:03:57,747 ERROR [main] h.j.v.e.Automobil [Automobil.java:76] Previse kw, ne mogu odredit5i grupu osiguranja
hr.java.vjezbe.iznimke.NemoguceOdreditiGrupuOsiguranjaException: Previse kw, ne mogu odrediti grupu osiguranja.
	at hr.java.vjezbe.entitet.Automobil.izracunajGrupuOsiguranja(Automobil.java:57)
	at hr.java.vjezbe.entitet.Vozilo.izracunajCijenuOsiguranja(Vozilo.java:45)
	at hr.java.vjezbe.entitet.Automobil.tekstOglasa(Automobil.java:73)
	at hr.java.vjezbe.glavna.Glavna.lambda$0(Glavna.java:163)
	at java.base/java.util.ArrayList$ArrayListSpliterator.forEachRemaining(ArrayList.java:1492)
	at java.base/java.util.stream.ReferencePipeline$Head.forEach(ReferencePipeline.java:591)
	at hr.java.vjezbe.glavna.Glavna.ispis(Glavna.java:163)
	at hr.java.vjezbe.glavna.Glavna.main(Glavna.java:83)
2019-11-05 19:03:57,748 ERROR [main] h.j.v.e.Automobil [Automobil.java:76] Previse kw, ne mogu odredit5i grupu osiguranja
hr.java.vjezbe.iznimke.NemoguceOdreditiGrupuOsiguranjaException: Previse kw, ne mogu odrediti grupu osiguranja.
	at hr.java.vjezbe.entitet.Automobil.izracunajGrupuOsiguranja(Automobil.java:57)
	at hr.java.vjezbe.entitet.Vozilo.izracunajCijenuOsiguranja(Vozilo.java:45)
	at hr.java.vjezbe.entitet.Automobil.tekstOglasa(Automobil.java:73)
	at hr.java.vjezbe.glavna.Glavna.lambda$0(Glavna.java:163)
	at java.base/java.util.ArrayList$ArrayListSpliterator.forEachRemaining(ArrayList.java:1492)
	at java.base/java.util.stream.ReferencePipeline$Head.forEach(ReferencePipeline.java:591)
	at hr.java.vjezbe.glavna.Glavna.ispis(Glavna.java:163)
	at hr.java.vjezbe.glavna.Glavna.main(Glavna.java:83)
2019-11-05 19:03:57,748 ERROR [main] h.j.v.e.Automobil [Automobil.java:76] Previse kw, ne mogu odredit5i grupu osiguranja
hr.java.vjezbe.iznimke.NemoguceOdreditiGrupuOsiguranjaException: Previse kw, ne mogu odrediti grupu osiguranja.
	at hr.java.vjezbe.entitet.Automobil.izracunajGrupuOsiguranja(Automobil.java:57)
	at hr.java.vjezbe.entitet.Vozilo.izracunajCijenuOsiguranja(Vozilo.java:45)
	at hr.java.vjezbe.entitet.Automobil.tekstOglasa(Automobil.java:73)
	at hr.java.vjezbe.glavna.Glavna.lambda$0(Glavna.java:163)
	at java.base/java.util.ArrayList$ArrayListSpliterator.forEachRemaining(ArrayList.java:1492)
	at java.base/java.util.stream.ReferencePipeline$Head.forEach(ReferencePipeline.java:591)
	at hr.java.vjezbe.glavna.Glavna.ispis(Glavna.java:163)
	at hr.java.vjezbe.glavna.Glavna.main(Glavna.java:83)
2019-11-05 19:08:10,097 ERROR [main] h.j.v.e.Stan [Stan.java:54] Cijena mora biti veca od 10000.
hr.java.vjezbe.iznimke.CijenaJePreniskaException: Cijena ne smije biti manja od 10000.
	at hr.java.vjezbe.entitet.Nekretnina.izracunajPorez(Nekretnina.java:23)
	at hr.java.vjezbe.entitet.Stan.tekstOglasa(Stan.java:51)
	at hr.java.vjezbe.glavna.Glavna.ispis(Glavna.java:151)
	at hr.java.vjezbe.glavna.Glavna.main(Glavna.java:83)
2019-11-05 19:08:10,104 ERROR [main] h.j.v.e.Stan [Stan.java:54] Cijena mora biti veca od 10000.
hr.java.vjezbe.iznimke.CijenaJePreniskaException: Cijena ne smije biti manja od 10000.
	at hr.java.vjezbe.entitet.Nekretnina.izracunajPorez(Nekretnina.java:23)
	at hr.java.vjezbe.entitet.Stan.tekstOglasa(Stan.java:51)
	at hr.java.vjezbe.glavna.Glavna.lambda$0(Glavna.java:163)
	at java.base/java.util.ArrayList$ArrayListSpliterator.forEachRemaining(ArrayList.java:1492)
	at java.base/java.util.stream.ReferencePipeline$Head.forEach(ReferencePipeline.java:591)
	at hr.java.vjezbe.glavna.Glavna.ispis(Glavna.java:163)
	at hr.java.vjezbe.glavna.Glavna.main(Glavna.java:83)
2019-11-25 22:30:41,838 ERROR [main] h.j.v.e.Automobil [Automobil.java:77] Previse kw, ne mogu odredit5i grupu osiguranja
hr.java.vjezbe.iznimke.NemoguceOdreditiGrupuOsiguranjaException: Previse kw, ne mogu odrediti grupu osiguranja.
	at hr.java.vjezbe.entitet.Automobil.izracunajGrupuOsiguranja(Automobil.java:58)
	at hr.java.vjezbe.entitet.Vozilo.izracunajCijenuOsiguranja(Vozilo.java:45)
	at hr.java.vjezbe.entitet.Automobil.tekstOglasa(Automobil.java:74)
	at hr.java.vjezbe.glavna.GlavnaDatoteke.main(GlavnaDatoteke.java:30)
2019-11-25 22:32:54,658 ERROR [main] h.j.v.e.Automobil [Automobil.java:77] Previse kw, ne mogu odredit5i grupu osiguranja
hr.java.vjezbe.iznimke.NemoguceOdreditiGrupuOsiguranjaException: Previse kw, ne mogu odrediti grupu osiguranja.
	at hr.java.vjezbe.entitet.Automobil.izracunajGrupuOsiguranja(Automobil.java:58)
	at hr.java.vjezbe.entitet.Vozilo.izracunajCijenuOsiguranja(Vozilo.java:45)
	at hr.java.vjezbe.entitet.Automobil.tekstOglasa(Automobil.java:74)
	at hr.java.vjezbe.glavna.GlavnaDatoteke.main(GlavnaDatoteke.java:30)
2019-11-25 22:32:58,278 ERROR [main] h.j.v.e.Automobil [Automobil.java:77] Previse kw, ne mogu odredit5i grupu osiguranja
hr.java.vjezbe.iznimke.NemoguceOdreditiGrupuOsiguranjaException: Previse kw, ne mogu odrediti grupu osiguranja.
	at hr.java.vjezbe.entitet.Automobil.izracunajGrupuOsiguranja(Automobil.java:58)
	at hr.java.vjezbe.entitet.Vozilo.izracunajCijenuOsiguranja(Vozilo.java:45)
	at hr.java.vjezbe.entitet.Automobil.tekstOglasa(Automobil.java:74)
	at hr.java.vjezbe.glavna.GlavnaDatoteke.main(GlavnaDatoteke.java:30)
2019-11-25 22:33:12,398 ERROR [main] h.j.v.e.Automobil [Automobil.java:77] Previse kw, ne mogu odredit5i grupu osiguranja
hr.java.vjezbe.iznimke.NemoguceOdreditiGrupuOsiguranjaException: Previse kw, ne mogu odrediti grupu osiguranja.
	at hr.java.vjezbe.entitet.Automobil.izracunajGrupuOsiguranja(Automobil.java:58)
	at hr.java.vjezbe.entitet.Vozilo.izracunajCijenuOsiguranja(Vozilo.java:45)
	at hr.java.vjezbe.entitet.Automobil.tekstOglasa(Automobil.java:74)
	at hr.java.vjezbe.glavna.GlavnaDatoteke.main(GlavnaDatoteke.java:30)
2019-11-25 23:29:39,934 ERROR [main] h.j.v.e.Automobil [Automobil.java:77] Previse kw, ne mogu odredit5i grupu osiguranja
hr.java.vjezbe.iznimke.NemoguceOdreditiGrupuOsiguranjaException: Previse kw, ne mogu odrediti grupu osiguranja.
	at hr.java.vjezbe.entitet.Automobil.izracunajGrupuOsiguranja(Automobil.java:58)
	at hr.java.vjezbe.entitet.Vozilo.izracunajCijenuOsiguranja(Vozilo.java:45)
	at hr.java.vjezbe.entitet.Automobil.tekstOglasa(Automobil.java:74)
	at hr.java.vjezbe.glavna.GlavnaDatoteke.ispisProdaje(GlavnaDatoteke.java:42)
	at hr.java.vjezbe.glavna.GlavnaDatoteke.main(GlavnaDatoteke.java:34)
2019-11-25 23:29:39,941 ERROR [main] h.j.v.e.Automobil [Automobil.java:77] Previse kw, ne mogu odredit5i grupu osiguranja
hr.java.vjezbe.iznimke.NemoguceOdreditiGrupuOsiguranjaException: Previse kw, ne mogu odrediti grupu osiguranja.
	at hr.java.vjezbe.entitet.Automobil.izracunajGrupuOsiguranja(Automobil.java:58)
	at hr.java.vjezbe.entitet.Vozilo.izracunajCijenuOsiguranja(Vozilo.java:45)
	at hr.java.vjezbe.entitet.Automobil.tekstOglasa(Automobil.java:74)
	at hr.java.vjezbe.glavna.GlavnaDatoteke.ispisProdaje(GlavnaDatoteke.java:42)
	at hr.java.vjezbe.glavna.GlavnaDatoteke.main(GlavnaDatoteke.java:34)
2019-11-25 23:32:19,708 ERROR [main] h.j.v.e.Automobil [Automobil.java:77] Previse kw, ne mogu odredit5i grupu osiguranja
hr.java.vjezbe.iznimke.NemoguceOdreditiGrupuOsiguranjaException: Previse kw, ne mogu odrediti grupu osiguranja.
	at hr.java.vjezbe.entitet.Automobil.izracunajGrupuOsiguranja(Automobil.java:58)
	at hr.java.vjezbe.entitet.Vozilo.izracunajCijenuOsiguranja(Vozilo.java:45)
	at hr.java.vjezbe.entitet.Automobil.tekstOglasa(Automobil.java:74)
	at hr.java.vjezbe.glavna.GlavnaDatoteke.ispisProdaje(GlavnaDatoteke.java:42)
	at hr.java.vjezbe.glavna.GlavnaDatoteke.main(GlavnaDatoteke.java:34)
2019-11-25 23:32:19,719 ERROR [main] h.j.v.e.Automobil [Automobil.java:77] Previse kw, ne mogu odredit5i grupu osiguranja
hr.java.vjezbe.iznimke.NemoguceOdreditiGrupuOsiguranjaException: Previse kw, ne mogu odrediti grupu osiguranja.
	at hr.java.vjezbe.entitet.Automobil.izracunajGrupuOsiguranja(Automobil.java:58)
	at hr.java.vjezbe.entitet.Vozilo.izracunajCijenuOsiguranja(Vozilo.java:45)
	at hr.java.vjezbe.entitet.Automobil.tekstOglasa(Automobil.java:74)
	at hr.java.vjezbe.glavna.GlavnaDatoteke.ispisProdaje(GlavnaDatoteke.java:42)
	at hr.java.vjezbe.glavna.GlavnaDatoteke.main(GlavnaDatoteke.java:34)
2019-11-25 23:33:00,781 ERROR [main] h.j.v.e.Automobil [Automobil.java:77] Previse kw, ne mogu odredit5i grupu osiguranja
hr.java.vjezbe.iznimke.NemoguceOdreditiGrupuOsiguranjaException: Previse kw, ne mogu odrediti grupu osiguranja.
	at hr.java.vjezbe.entitet.Automobil.izracunajGrupuOsiguranja(Automobil.java:58)
	at hr.java.vjezbe.entitet.Vozilo.izracunajCijenuOsiguranja(Vozilo.java:45)
	at hr.java.vjezbe.entitet.Automobil.tekstOglasa(Automobil.java:74)
	at hr.java.vjezbe.glavna.GlavnaDatoteke.ispisProdaje(GlavnaDatoteke.java:42)
	at hr.java.vjezbe.glavna.GlavnaDatoteke.main(GlavnaDatoteke.java:34)
2019-11-25 23:33:00,790 ERROR [main] h.j.v.e.Automobil [Automobil.java:77] Previse kw, ne mogu odredit5i grupu osiguranja
hr.java.vjezbe.iznimke.NemoguceOdreditiGrupuOsiguranjaException: Previse kw, ne mogu odrediti grupu osiguranja.
	at hr.java.vjezbe.entitet.Automobil.izracunajGrupuOsiguranja(Automobil.java:58)
	at hr.java.vjezbe.entitet.Vozilo.izracunajCijenuOsiguranja(Vozilo.java:45)
	at hr.java.vjezbe.entitet.Automobil.tekstOglasa(Automobil.java:74)
	at hr.java.vjezbe.glavna.GlavnaDatoteke.ispisProdaje(GlavnaDatoteke.java:42)
	at hr.java.vjezbe.glavna.GlavnaDatoteke.main(GlavnaDatoteke.java:34)
2019-11-25 23:35:50,290 ERROR [main] h.j.v.e.Automobil [Automobil.java:77] Previse kw, ne mogu odredit5i grupu osiguranja
hr.java.vjezbe.iznimke.NemoguceOdreditiGrupuOsiguranjaException: Previse kw, ne mogu odrediti grupu osiguranja.
	at hr.java.vjezbe.entitet.Automobil.izracunajGrupuOsiguranja(Automobil.java:58)
	at hr.java.vjezbe.entitet.Vozilo.izracunajCijenuOsiguranja(Vozilo.java:45)
	at hr.java.vjezbe.entitet.Automobil.tekstOglasa(Automobil.java:74)
	at hr.java.vjezbe.glavna.GlavnaDatoteke.ispisProdaje(GlavnaDatoteke.java:42)
	at hr.java.vjezbe.glavna.GlavnaDatoteke.main(GlavnaDatoteke.java:34)
2019-11-25 23:43:28,762 ERROR [main] h.j.v.e.Automobil [Automobil.java:77] Previse kw, ne mogu odredit5i grupu osiguranja
hr.java.vjezbe.iznimke.NemoguceOdreditiGrupuOsiguranjaException: Previse kw, ne mogu odrediti grupu osiguranja.
	at hr.java.vjezbe.entitet.Automobil.izracunajGrupuOsiguranja(Automobil.java:58)
	at hr.java.vjezbe.entitet.Vozilo.izracunajCijenuOsiguranja(Vozilo.java:45)
	at hr.java.vjezbe.entitet.Automobil.tekstOglasa(Automobil.java:74)
	at hr.java.vjezbe.glavna.GlavnaDatoteke.ispisProdaje(GlavnaDatoteke.java:60)
	at hr.java.vjezbe.glavna.GlavnaDatoteke.main(GlavnaDatoteke.java:41)
2019-11-25 23:43:51,658 ERROR [main] h.j.v.e.Automobil [Automobil.java:77] Previse kw, ne mogu odredit5i grupu osiguranja
hr.java.vjezbe.iznimke.NemoguceOdreditiGrupuOsiguranjaException: Previse kw, ne mogu odrediti grupu osiguranja.
	at hr.java.vjezbe.entitet.Automobil.izracunajGrupuOsiguranja(Automobil.java:58)
	at hr.java.vjezbe.entitet.Vozilo.izracunajCijenuOsiguranja(Vozilo.java:45)
	at hr.java.vjezbe.entitet.Automobil.tekstOglasa(Automobil.java:74)
	at hr.java.vjezbe.glavna.GlavnaDatoteke.ispisProdaje(GlavnaDatoteke.java:60)
	at hr.java.vjezbe.glavna.GlavnaDatoteke.main(GlavnaDatoteke.java:41)
2019-11-25 23:44:21,476 ERROR [main] h.j.v.e.Automobil [Automobil.java:77] Previse kw, ne mogu odredit5i grupu osiguranja
hr.java.vjezbe.iznimke.NemoguceOdreditiGrupuOsiguranjaException: Previse kw, ne mogu odrediti grupu osiguranja.
	at hr.java.vjezbe.entitet.Automobil.izracunajGrupuOsiguranja(Automobil.java:58)
	at hr.java.vjezbe.entitet.Vozilo.izracunajCijenuOsiguranja(Vozilo.java:45)
	at hr.java.vjezbe.entitet.Automobil.tekstOglasa(Automobil.java:74)
	at hr.java.vjezbe.glavna.GlavnaDatoteke.ispisProdaje(GlavnaDatoteke.java:60)
	at hr.java.vjezbe.glavna.GlavnaDatoteke.main(GlavnaDatoteke.java:41)
2019-11-25 23:44:46,631 ERROR [main] h.j.v.e.Automobil [Automobil.java:77] Previse kw, ne mogu odredit5i grupu osiguranja
hr.java.vjezbe.iznimke.NemoguceOdreditiGrupuOsiguranjaException: Previse kw, ne mogu odrediti grupu osiguranja.
	at hr.java.vjezbe.entitet.Automobil.izracunajGrupuOsiguranja(Automobil.java:58)
	at hr.java.vjezbe.entitet.Vozilo.izracunajCijenuOsiguranja(Vozilo.java:45)
	at hr.java.vjezbe.entitet.Automobil.tekstOglasa(Automobil.java:74)
	at hr.java.vjezbe.glavna.GlavnaDatoteke.ispisProdaje(GlavnaDatoteke.java:60)
	at hr.java.vjezbe.glavna.GlavnaDatoteke.main(GlavnaDatoteke.java:41)
2019-11-25 23:45:46,383 ERROR [main] h.j.v.e.Automobil [Automobil.java:77] Previse kw, ne mogu odredit5i grupu osiguranja
hr.java.vjezbe.iznimke.NemoguceOdreditiGrupuOsiguranjaException: Previse kw, ne mogu odrediti grupu osiguranja.
	at hr.java.vjezbe.entitet.Automobil.izracunajGrupuOsiguranja(Automobil.java:58)
	at hr.java.vjezbe.entitet.Vozilo.izracunajCijenuOsiguranja(Vozilo.java:45)
	at hr.java.vjezbe.entitet.Automobil.tekstOglasa(Automobil.java:74)
	at hr.java.vjezbe.glavna.GlavnaDatoteke.ispisProdaje(GlavnaDatoteke.java:60)
	at hr.java.vjezbe.glavna.GlavnaDatoteke.main(GlavnaDatoteke.java:41)
2019-11-25 23:51:17,321 ERROR [main] h.j.v.e.Automobil [Automobil.java:77] Previse kw, ne mogu odredit5i grupu osiguranja
hr.java.vjezbe.iznimke.NemoguceOdreditiGrupuOsiguranjaException: Previse kw, ne mogu odrediti grupu osiguranja.
	at hr.java.vjezbe.entitet.Automobil.izracunajGrupuOsiguranja(Automobil.java:58)
	at hr.java.vjezbe.entitet.Vozilo.izracunajCijenuOsiguranja(Vozilo.java:45)
	at hr.java.vjezbe.entitet.Automobil.tekstOglasa(Automobil.java:74)
	at hr.java.vjezbe.glavna.GlavnaDatoteke.ispisProdaje(GlavnaDatoteke.java:65)
	at hr.java.vjezbe.glavna.GlavnaDatoteke.main(GlavnaDatoteke.java:41)
